<?xml version="1.0" encoding="UTF-8" ?>
<testsuite tests="30" failures="0" name="com.training.epam.ticketservice.at.TestExecutor" time="268.996" errors="0" skipped="0">
  <properties>
[...]
</properties>
  <testcase classname="allow creating accounts and logging in" name="the admin account exists by default and can be logged in with the correct password" time="8.43"/>
  <testcase classname="allow creating accounts and logging in" name="the admin account can be signed out" time="7.479"/>
  <testcase classname="allow creating accounts and logging in" name="the admin account can not be logged in with incorrect password" time="7.32"/>
  <testcase classname="allow creating accounts and logging in" name="non-privileged accounts can be created and logged in with the correct password" time="7.774"/>
  <testcase classname="allow creating accounts and logging in" name="non-privileged accounts can not be logged in with the incorrect password" time="7.464"/>
  <testcase classname="allow creating accounts and logging in" name="non-privileged accounts can be signed out" time="7.808"/>
  <testcase classname="allows users to book tickets for screenings, and show booking history" name="an authenticated user can book a ticket for a screening" time="10.455"/>
  <testcase classname="allows users to book tickets for screenings, and show booking history" name="an authenticated user can not book a ticket if at least one of the seats is already taken" time="10.872"/>
  <testcase classname="allows users to book tickets for screenings, and show booking history" name="the price of the ticket in the history should not change if pricing changes after the booking" time="11.44"/>
  <testcase classname="allows creating movie descriptions" name="an admin user can create and list movies" time="7.908"/>
  <testcase classname="allows creating movie descriptions" name="an admin user can update a movie" time="7.608"/>
  <testcase classname="allows creating movie descriptions" name="an admin user can delete a movie" time="7.494"/>
  <testcase classname="allows creating movie descriptions" name="an unauthenticated user can list movies" time="7.849"/>
  <testcase classname="allows creating movie descriptions" name="an authenticated, non-privileged user can list movies" time="8.55"/>
  <testcase classname="allows creating pricing components and assigning them to rooms, movies and screenings" name="a default per seat per screening price is defined to be 1500 HUF and is used in the calculation of the price of each seat" time="9.606"/>
  <testcase classname="allows creating pricing components and assigning them to rooms, movies and screenings" name="the admin user can change the default per seat per screening price" time="10.67"/>
  <testcase classname="allows creating pricing components and assigning them to rooms, movies and screenings" name="the admin user can create price component and assign it to a movie" time="10.832"/>
  <testcase classname="allows creating pricing components and assigning them to rooms, movies and screenings" name="the admin user can create price component and assign it to a room" time="10.461"/>
  <testcase classname="allows creating pricing components and assigning them to rooms, movies and screenings" name="the admin user can create price component and assign it to a screening" time="10.634"/>
  <testcase classname="allow creating, reading, updating and deleting rooms where the screenings will happen" name="an admin user can create and list rooms" time="7.674"/>
  <testcase classname="allow creating, reading, updating and deleting rooms where the screenings will happen" name="an admin user can update a room" time="7.781"/>
  <testcase classname="allow creating, reading, updating and deleting rooms where the screenings will happen" name="an admin user can delete a room" time="7.723"/>
  <testcase classname="allow creating, reading, updating and deleting rooms where the screenings will happen" name="an unauthenticated user can list rooms" time="7.716"/>
  <testcase classname="allow creating, reading, updating and deleting rooms where the screenings will happen" name="an authenticated, non-privileged user can list rooms" time="8.301"/>
  <testcase classname="allows creating, deleting and listing screenings" name="The admin user can create and query screenings" time="9.502"/>
  <testcase classname="allows creating, deleting and listing screenings" name="The admin can not create overlapping screenings in the same room" time="9.283"/>
  <testcase classname="allows creating, deleting and listing screenings" name="The admin can create overlapping screenings in different rooms" time="9.436"/>
  <testcase classname="allows creating, deleting and listing screenings" name="The admin can not create screenings during a 10 minute long breaks after another screening in the same room" time="9.3"/>
  <testcase classname="allows creating, deleting and listing screenings" name="The admin can create screenings even if there is a break after a screening in a different room" time="12.049"/>
  <testcase classname="allows creating, deleting and listing screenings" name="The admin user can delete screenings" time="9.577"/>
</testsuite>